<?xml version="1.0" encoding="UTF-8"?>
<!-- Generated by org.testng.reporters.JUnitReportReporter -->
<testsuite hostname="Swamy" failures="0" tests="1" name="Strings4.AAAA" time="0.014" errors="0" timestamp="2024-05-27T11:04:28 IST" skipped="0">
  <testcase classname="Strings4.AAAA" name="main" time="0.014"/>
  <system-out/>
</testsuite> <!-- Strings4.AAAA -->
